<?xml version="1.0" encoding="UTF-8"?>
<testsuite name="com.mindex.challenge.service.impl.EmployeeServiceImplTest" tests="1" skipped="0" failures="0" errors="0" timestamp="2024-02-07T21:13:43" hostname="DESKTOP-CIAEEQJ" time="0.199">
  <properties/>
  <testcase name="testCreateReadUpdate" classname="com.mindex.challenge.service.impl.EmployeeServiceImplTest" time="0.199"/>
  <system-out><![CDATA[2024-02-07 16:13:42.184  INFO 18244 --- [    Test worker] .b.t.c.SpringBootTestContextBootstrapper : Neither @ContextConfiguration nor @ContextHierarchy found for test class [com.mindex.challenge.service.impl.EmployeeServiceImplTest], using SpringBootContextLoader
2024-02-07 16:13:42.185  INFO 18244 --- [    Test worker] o.s.t.c.support.AbstractContextLoader    : Could not detect default resource locations for test class [com.mindex.challenge.service.impl.EmployeeServiceImplTest]: no resource found for suffixes {-context.xml, Context.groovy}.
2024-02-07 16:13:42.186  INFO 18244 --- [    Test worker] t.c.s.AnnotationConfigContextLoaderUtils : Could not detect default configuration classes for test class [com.mindex.challenge.service.impl.EmployeeServiceImplTest]: EmployeeServiceImplTest does not declare any static, non-private, non-final, nested classes annotated with @Configuration.
2024-02-07 16:13:42.196  INFO 18244 --- [    Test worker] .b.t.c.SpringBootTestContextBootstrapper : Found @SpringBootConfiguration com.mindex.challenge.ChallengeApplication for test class com.mindex.challenge.service.impl.EmployeeServiceImplTest
2024-02-07 16:13:42.197  INFO 18244 --- [    Test worker] .b.t.c.SpringBootTestContextBootstrapper : Loaded default TestExecutionListener class names from location [META-INF/spring.factories]: [org.springframework.boot.test.autoconfigure.restdocs.RestDocsTestExecutionListener, org.springframework.boot.test.autoconfigure.web.client.MockRestServiceServerResetTestExecutionListener, org.springframework.boot.test.autoconfigure.web.servlet.MockMvcPrintOnlyOnFailureTestExecutionListener, org.springframework.boot.test.autoconfigure.web.servlet.WebDriverTestExecutionListener, org.springframework.boot.test.mock.mockito.MockitoTestExecutionListener, org.springframework.boot.test.mock.mockito.ResetMocksTestExecutionListener, org.springframework.test.context.web.ServletTestExecutionListener, org.springframework.test.context.support.DirtiesContextBeforeModesTestExecutionListener, org.springframework.test.context.support.DependencyInjectionTestExecutionListener, org.springframework.test.context.support.DirtiesContextTestExecutionListener, org.springframework.test.context.transaction.TransactionalTestExecutionListener, org.springframework.test.context.jdbc.SqlScriptsTestExecutionListener, org.springframework.test.context.event.EventPublishingTestExecutionListener]
2024-02-07 16:13:42.198  INFO 18244 --- [    Test worker] .b.t.c.SpringBootTestContextBootstrapper : Using TestExecutionListeners: [org.springframework.test.context.web.ServletTestExecutionListener@d98e0c6, org.springframework.test.context.support.DirtiesContextBeforeModesTestExecutionListener@33bcbc18, org.springframework.boot.test.mock.mockito.MockitoTestExecutionListener@2e17b2ac, org.springframework.boot.test.autoconfigure.SpringBootDependencyInjectionTestExecutionListener@62d424ee, org.springframework.test.context.support.DirtiesContextTestExecutionListener@280076a2, org.springframework.test.context.transaction.TransactionalTestExecutionListener@7e0a43c6, org.springframework.test.context.jdbc.SqlScriptsTestExecutionListener@6d9b0c79, org.springframework.test.context.event.EventPublishingTestExecutionListener@2e2bb670, org.springframework.boot.test.autoconfigure.restdocs.RestDocsTestExecutionListener@5357071, org.springframework.boot.test.autoconfigure.web.client.MockRestServiceServerResetTestExecutionListener@298d1762, org.springframework.boot.test.autoconfigure.web.servlet.MockMvcPrintOnlyOnFailureTestExecutionListener@1c403eee, org.springframework.boot.test.autoconfigure.web.servlet.WebDriverTestExecutionListener@6f2b8320, org.springframework.boot.test.mock.mockito.ResetMocksTestExecutionListener@4133c04c]

  .   ____          _            __ _ _
 /\\ / ___'_ __ _ _(_)_ __  __ _ \ \ \ \
( ( )\___ | '_ | '_| | '_ \/ _` | \ \ \ \
 \\/  ___)| |_)| | | | | || (_| |  ) ) ) )
  '  |____| .__|_| |_|_| |_\__, | / / / /
 =========|_|==============|___/=/_/_/_/
 :: Spring Boot ::        (v2.2.0.RELEASE)

2024-02-07 16:13:42.224  INFO 18244 --- [    Test worker] c.m.c.s.impl.EmployeeServiceImplTest     : Starting EmployeeServiceImplTest on DESKTOP-CIAEEQJ with PID 18244 (started by shami in C:\Users\shami\Downloads\mindex-java-code-challenge\mindex-java-code-challenge)
2024-02-07 16:13:42.224 DEBUG 18244 --- [    Test worker] c.m.c.s.impl.EmployeeServiceImplTest     : Running with Spring Boot v2.2.0.RELEASE, Spring v5.2.0.RELEASE
2024-02-07 16:13:42.225  INFO 18244 --- [    Test worker] c.m.c.s.impl.EmployeeServiceImplTest     : No active profile set, falling back to default profiles: default
2024-02-07 16:13:42.344  INFO 18244 --- [    Test worker] .s.d.r.c.RepositoryConfigurationDelegate : Bootstrapping Spring Data repositories in DEFAULT mode.
2024-02-07 16:13:42.349  INFO 18244 --- [    Test worker] .s.d.r.c.RepositoryConfigurationDelegate : Finished Spring Data repository scanning in 4ms. Found 1 repository interfaces.
2024-02-07 16:13:42.560  INFO 18244 --- [    Test worker] o.s.b.w.embedded.tomcat.TomcatWebServer  : Tomcat initialized with port(s): 0 (http)
2024-02-07 16:13:42.570  INFO 18244 --- [    Test worker] o.apache.catalina.core.StandardService   : Starting service [Tomcat]
2024-02-07 16:13:42.570  INFO 18244 --- [    Test worker] org.apache.catalina.core.StandardEngine  : Starting Servlet engine: [Apache Tomcat/9.0.27]
2024-02-07 16:13:42.661  INFO 18244 --- [    Test worker] o.a.c.c.C.[Tomcat].[localhost].[/]       : Initializing Spring embedded WebApplicationContext
2024-02-07 16:13:42.661  INFO 18244 --- [    Test worker] o.s.web.context.ContextLoader            : Root WebApplicationContext: initialization completed in 433 ms
2024-02-07 16:13:42.756  INFO 18244 --- [    Test worker] de.bwaldvogel.mongo.MongoServer          : started MongoServer(port: 64797, ssl: false)
2024-02-07 16:13:42.758  INFO 18244 --- [    Test worker] org.mongodb.driver.cluster               : Cluster created with settings {hosts=[127.0.0.1:64797], mode=SINGLE, requiredClusterType=UNKNOWN, serverSelectionTimeout='30000 ms', maxWaitQueueSize=500}
2024-02-07 16:13:42.760  INFO 18244 --- [-server-worker1] d.b.mongo.wire.MongoWireProtocolHandler  : client [id: 0x399d7d06, L:/127.0.0.1:64797 - R:/127.0.0.1:64798] connected
2024-02-07 16:13:42.761  INFO 18244 --- [127.0.0.1:64797] org.mongodb.driver.connection            : Opened connection [connectionId{localValue:3}] to 127.0.0.1:64797
2024-02-07 16:13:42.762  INFO 18244 --- [127.0.0.1:64797] org.mongodb.driver.cluster               : Monitor thread successfully connected to server with description ServerDescription{address=127.0.0.1:64797, type=STANDALONE, state=CONNECTED, ok=true, version=ServerVersion{versionList=[3, 0, 0]}, minWireVersion=0, maxWireVersion=2, maxDocumentSize=16777216, logicalSessionTimeoutMinutes=null, roundTripTimeNanos=590100}
2024-02-07 16:13:42.762  WARN 18244 --- [    Test worker] o.s.data.convert.CustomConversions       : Registering converter from class java.time.LocalDateTime to class java.time.Instant as reading converter although it doesn't convert from a store-supported type! You might wanna check you annotation setup at the converter implementation.
2024-02-07 16:13:42.763  WARN 18244 --- [    Test worker] o.s.data.convert.CustomConversions       : Registering converter from class java.time.Instant to class java.time.LocalDateTime as reading converter although it doesn't convert from a store-supported type! You might wanna check you annotation setup at the converter implementation.
2024-02-07 16:13:42.764  WARN 18244 --- [    Test worker] o.s.data.convert.CustomConversions       : Registering converter from class java.time.LocalDateTime to class java.time.Instant as reading converter although it doesn't convert from a store-supported type! You might wanna check you annotation setup at the converter implementation.
2024-02-07 16:13:42.764  WARN 18244 --- [    Test worker] o.s.data.convert.CustomConversions       : Registering converter from class java.time.Instant to class java.time.LocalDateTime as reading converter although it doesn't convert from a store-supported type! You might wanna check you annotation setup at the converter implementation.
2024-02-07 16:13:42.802  INFO 18244 --- [-server-worker2] d.b.mongo.wire.MongoWireProtocolHandler  : client [id: 0xbd6c1bec, L:/127.0.0.1:64797 - R:/127.0.0.1:64799] connected
2024-02-07 16:13:42.804  INFO 18244 --- [    Test worker] org.mongodb.driver.connection            : Opened connection [connectionId{localValue:4}] to 127.0.0.1:64797
2024-02-07 16:13:42.804  INFO 18244 --- [-server-worker2] d.b.mongo.backend.AbstractMongoBackend   : created database test
2024-02-07 16:13:42.805  INFO 18244 --- [-server-worker2] d.b.mongo.backend.AbstractMongoDatabase  : adding unique _id index for collection employee
2024-02-07 16:13:42.805  INFO 18244 --- [-server-worker2] d.b.mongo.backend.AbstractMongoDatabase  : created collection test.employee
2024-02-07 16:13:42.893  INFO 18244 --- [    Test worker] o.s.s.concurrent.ThreadPoolTaskExecutor  : Initializing ExecutorService 'applicationTaskExecutor'
2024-02-07 16:13:42.975  WARN 18244 --- [    Test worker] o.s.data.convert.CustomConversions       : Registering converter from class java.time.LocalDateTime to class java.time.Instant as reading converter although it doesn't convert from a store-supported type! You might wanna check you annotation setup at the converter implementation.
2024-02-07 16:13:42.975  WARN 18244 --- [    Test worker] o.s.data.convert.CustomConversions       : Registering converter from class java.time.Instant to class java.time.LocalDateTime as reading converter although it doesn't convert from a store-supported type! You might wanna check you annotation setup at the converter implementation.
2024-02-07 16:13:42.986  WARN 18244 --- [    Test worker] o.s.data.convert.CustomConversions       : Registering converter from class java.time.LocalDateTime to class java.time.Instant as reading converter although it doesn't convert from a store-supported type! You might wanna check you annotation setup at the converter implementation.
2024-02-07 16:13:42.987  WARN 18244 --- [    Test worker] o.s.data.convert.CustomConversions       : Registering converter from class java.time.Instant to class java.time.LocalDateTime as reading converter although it doesn't convert from a store-supported type! You might wanna check you annotation setup at the converter implementation.
2024-02-07 16:13:43.038  INFO 18244 --- [    Test worker] o.s.b.w.embedded.tomcat.TomcatWebServer  : Tomcat started on port(s): 64800 (http) with context path ''
2024-02-07 16:13:43.039  INFO 18244 --- [    Test worker] c.m.c.s.impl.EmployeeServiceImplTest     : Started EmployeeServiceImplTest in 0.839 seconds (JVM running for 4.526)
2024-02-07 16:13:43.141  INFO 18244 --- [o-auto-1-exec-1] o.a.c.c.C.[Tomcat].[localhost].[/]       : Initializing Spring DispatcherServlet 'dispatcherServlet'
2024-02-07 16:13:43.141  INFO 18244 --- [o-auto-1-exec-1] o.s.web.servlet.DispatcherServlet        : Initializing Servlet 'dispatcherServlet'
2024-02-07 16:13:43.156  INFO 18244 --- [o-auto-1-exec-1] o.s.web.servlet.DispatcherServlet        : Completed initialization in 15 ms
2024-02-07 16:13:43.186 DEBUG 18244 --- [o-auto-1-exec-1] c.m.c.controller.EmployeeController      : Received employee create request for [com.mindex.challenge.data.Employee@2f2297f7]
2024-02-07 16:13:43.186 DEBUG 18244 --- [o-auto-1-exec-1] c.m.c.service.impl.EmployeeServiceImpl   : Creating employee [com.mindex.challenge.data.Employee@2f2297f7]
2024-02-07 16:13:43.211 DEBUG 18244 --- [o-auto-1-exec-4] c.m.c.controller.EmployeeController      : Received employee create request for id [0f206d0b-9149-4f84-9c11-7cb862525923]
2024-02-07 16:13:43.211 DEBUG 18244 --- [o-auto-1-exec-4] c.m.c.service.impl.EmployeeServiceImpl   : Creating employee with id [0f206d0b-9149-4f84-9c11-7cb862525923]
2024-02-07 16:13:43.233 DEBUG 18244 --- [o-auto-1-exec-7] c.m.c.controller.EmployeeController      : Received employee create request for id [0f206d0b-9149-4f84-9c11-7cb862525923] and employee [com.mindex.challenge.data.Employee@3b074d8]
2024-02-07 16:13:43.234 DEBUG 18244 --- [o-auto-1-exec-7] c.m.c.service.impl.EmployeeServiceImpl   : Updating employee [com.mindex.challenge.data.Employee@3b074d8]
]]></system-out>
  <system-err><![CDATA[]]></system-err>
</testsuite>
