<?xml version="1.0" encoding="UTF-8"?>
<testsuite name="com.mindex.challenge.DataBootstrapTest" tests="1" skipped="0" failures="0" errors="0" timestamp="2024-02-07T21:13:42" hostname="DESKTOP-CIAEEQJ" time="0.044">
  <properties/>
  <testcase name="test" classname="com.mindex.challenge.DataBootstrapTest" time="0.044"/>
  <system-out><![CDATA[2024-02-07 16:13:42.128  INFO 18244 --- [    Test worker] .b.t.c.SpringBootTestContextBootstrapper : Neither @ContextConfiguration nor @ContextHierarchy found for test class [com.mindex.challenge.DataBootstrapTest], using SpringBootContextLoader
2024-02-07 16:13:42.129  INFO 18244 --- [    Test worker] o.s.t.c.support.AbstractContextLoader    : Could not detect default resource locations for test class [com.mindex.challenge.DataBootstrapTest]: no resource found for suffixes {-context.xml, Context.groovy}.
2024-02-07 16:13:42.129  INFO 18244 --- [    Test worker] t.c.s.AnnotationConfigContextLoaderUtils : Could not detect default configuration classes for test class [com.mindex.challenge.DataBootstrapTest]: DataBootstrapTest does not declare any static, non-private, non-final, nested classes annotated with @Configuration.
2024-02-07 16:13:42.130  INFO 18244 --- [    Test worker] .b.t.c.SpringBootTestContextBootstrapper : Found @SpringBootConfiguration com.mindex.challenge.ChallengeApplication for test class com.mindex.challenge.DataBootstrapTest
2024-02-07 16:13:42.132  INFO 18244 --- [    Test worker] .b.t.c.SpringBootTestContextBootstrapper : Loaded default TestExecutionListener class names from location [META-INF/spring.factories]: [org.springframework.boot.test.autoconfigure.restdocs.RestDocsTestExecutionListener, org.springframework.boot.test.autoconfigure.web.client.MockRestServiceServerResetTestExecutionListener, org.springframework.boot.test.autoconfigure.web.servlet.MockMvcPrintOnlyOnFailureTestExecutionListener, org.springframework.boot.test.autoconfigure.web.servlet.WebDriverTestExecutionListener, org.springframework.boot.test.mock.mockito.MockitoTestExecutionListener, org.springframework.boot.test.mock.mockito.ResetMocksTestExecutionListener, org.springframework.test.context.web.ServletTestExecutionListener, org.springframework.test.context.support.DirtiesContextBeforeModesTestExecutionListener, org.springframework.test.context.support.DependencyInjectionTestExecutionListener, org.springframework.test.context.support.DirtiesContextTestExecutionListener, org.springframework.test.context.transaction.TransactionalTestExecutionListener, org.springframework.test.context.jdbc.SqlScriptsTestExecutionListener, org.springframework.test.context.event.EventPublishingTestExecutionListener]
2024-02-07 16:13:42.132  INFO 18244 --- [    Test worker] .b.t.c.SpringBootTestContextBootstrapper : Using TestExecutionListeners: [org.springframework.test.context.web.ServletTestExecutionListener@7c7c8ea0, org.springframework.test.context.support.DirtiesContextBeforeModesTestExecutionListener@4c9f209, org.springframework.boot.test.mock.mockito.MockitoTestExecutionListener@492f8cea, org.springframework.boot.test.autoconfigure.SpringBootDependencyInjectionTestExecutionListener@45bba73c, org.springframework.test.context.support.DirtiesContextTestExecutionListener@5daa28a5, org.springframework.test.context.transaction.TransactionalTestExecutionListener@16b8c0a3, org.springframework.test.context.jdbc.SqlScriptsTestExecutionListener@23c55642, org.springframework.test.context.event.EventPublishingTestExecutionListener@3bdf9741, org.springframework.boot.test.autoconfigure.restdocs.RestDocsTestExecutionListener@373c6f9f, org.springframework.boot.test.autoconfigure.web.client.MockRestServiceServerResetTestExecutionListener@67511c03, org.springframework.boot.test.autoconfigure.web.servlet.MockMvcPrintOnlyOnFailureTestExecutionListener@6e2f21ed, org.springframework.boot.test.autoconfigure.web.servlet.WebDriverTestExecutionListener@290dd6f6, org.springframework.boot.test.mock.mockito.ResetMocksTestExecutionListener@7d1904df]
]]></system-out>
  <system-err><![CDATA[]]></system-err>
</testsuite>
